app/build/intermediates/manifest_merge_blame_file/debug/manifest-merger-blame-debug-report.txt
1<?xml version="1.0" encoding="utf-8"?>
2<manifest xmlns:android="http://schemas.android.com/apk/res/android"
3    package="com.example.workmanagerexample"
4    android:versionCode="1"
5    android:versionName="1.0" >
6
7    <uses-sdk
8        android:minSdkVersion="22"
8-->src\main\AndroidManifest.xml
9        android:targetSdkVersion="30" />
9-->src\main\AndroidManifest.xml
10
11    <uses-permission android:name="android.permission.WAKE_LOCK" />
11-->[androidx.work:work-runtime:2.5.0] AndroidManifest.xml:25:5-68
11-->[androidx.work:work-runtime:2.5.0] AndroidManifest.xml:25:22-65
12    <uses-permission android:name="android.permission.ACCESS_NETWORK_STATE" />
12-->[androidx.work:work-runtime:2.5.0] AndroidManifest.xml:26:5-79
12-->[androidx.work:work-runtime:2.5.0] AndroidManifest.xml:26:22-76
13    <uses-permission android:name="android.permission.RECEIVE_BOOT_COMPLETED" />
13-->[androidx.work:work-runtime:2.5.0] AndroidManifest.xml:27:5-81
13-->[androidx.work:work-runtime:2.5.0] AndroidManifest.xml:27:22-78
14    <uses-permission android:name="android.permission.FOREGROUND_SERVICE" />
14-->[androidx.work:work-runtime:2.5.0] AndroidManifest.xml:28:5-77
14-->[androidx.work:work-runtime:2.5.0] AndroidManifest.xml:28:22-74
15
16    <application
16-->src\main\AndroidManifest.xml:5:5-19:19
17        android:allowBackup="true"
17-->src\main\AndroidManifest.xml:6:9-35
18        android:appComponentFactory="androidx.core.app.CoreComponentFactory"
18-->[androidx.core:core:1.3.1] AndroidManifest.xml:24:18-86
19        android:debuggable="true"
20        android:icon="@mipmap/ic_launcher"
20-->src\main\AndroidManifest.xml:7:9-43
21        android:label="@string/app_name"
21-->src\main\AndroidManifest.xml:8:9-41
22        android:roundIcon="@mipmap/ic_launcher_round"
22-->src\main\AndroidManifest.xml:9:9-54
23        android:supportsRtl="true"
23-->src\main\AndroidManifest.xml:10:9-35
24        android:testOnly="true"
25        android:theme="@style/Theme.WorkManagerExample" >
25-->src\main\AndroidManifest.xml:11:9-56
26        <activity android:name="com.example.workmanagerexample.MainActivity" >
26-->src\main\AndroidManifest.xml:12:9-18:20
26-->src\main\AndroidManifest.xml:12:19-47
27            <intent-filter>
27-->src\main\AndroidManifest.xml:13:13-17:29
28                <action android:name="android.intent.action.MAIN" />
28-->src\main\AndroidManifest.xml:14:17-69
28-->src\main\AndroidManifest.xml:14:25-66
29
30                <category android:name="android.intent.category.LAUNCHER" />
30-->src\main\AndroidManifest.xml:16:17-77
30-->src\main\AndroidManifest.xml:16:27-74
31            </intent-filter>
32        </activity>
33
34        <provider
34-->[androidx.work:work-runtime:2.5.0] AndroidManifest.xml:31:9-37:35
35            android:name="androidx.work.impl.WorkManagerInitializer"
35-->[androidx.work:work-runtime:2.5.0] AndroidManifest.xml:32:13-69
36            android:authorities="com.example.workmanagerexample.workmanager-init"
36-->[androidx.work:work-runtime:2.5.0] AndroidManifest.xml:33:13-68
37            android:directBootAware="false"
37-->[androidx.work:work-runtime:2.5.0] AndroidManifest.xml:34:13-44
38            android:exported="false"
38-->[androidx.work:work-runtime:2.5.0] AndroidManifest.xml:35:13-37
39            android:multiprocess="true" />
39-->[androidx.work:work-runtime:2.5.0] AndroidManifest.xml:36:13-40
40
41        <service
41-->[androidx.work:work-runtime:2.5.0] AndroidManifest.xml:39:9-44:35
42            android:name="androidx.work.impl.background.systemalarm.SystemAlarmService"
42-->[androidx.work:work-runtime:2.5.0] AndroidManifest.xml:40:13-88
43            android:directBootAware="false"
43-->[androidx.work:work-runtime:2.5.0] AndroidManifest.xml:41:13-44
44            android:enabled="@bool/enable_system_alarm_service_default"
44-->[androidx.work:work-runtime:2.5.0] AndroidManifest.xml:42:13-72
45            android:exported="false" />
45-->[androidx.work:work-runtime:2.5.0] AndroidManifest.xml:43:13-37
46        <service
46-->[androidx.work:work-runtime:2.5.0] AndroidManifest.xml:45:9-51:35
47            android:name="androidx.work.impl.background.systemjob.SystemJobService"
47-->[androidx.work:work-runtime:2.5.0] AndroidManifest.xml:46:13-84
48            android:directBootAware="false"
48-->[androidx.work:work-runtime:2.5.0] AndroidManifest.xml:47:13-44
49            android:enabled="@bool/enable_system_job_service_default"
49-->[androidx.work:work-runtime:2.5.0] AndroidManifest.xml:48:13-70
50            android:exported="true"
50-->[androidx.work:work-runtime:2.5.0] AndroidManifest.xml:49:13-36
51            android:permission="android.permission.BIND_JOB_SERVICE" />
51-->[androidx.work:work-runtime:2.5.0] AndroidManifest.xml:50:13-69
52        <service
52-->[androidx.work:work-runtime:2.5.0] AndroidManifest.xml:52:9-57:35
53            android:name="androidx.work.impl.foreground.SystemForegroundService"
53-->[androidx.work:work-runtime:2.5.0] AndroidManifest.xml:53:13-81
54            android:directBootAware="false"
54-->[androidx.work:work-runtime:2.5.0] AndroidManifest.xml:54:13-44
55            android:enabled="@bool/enable_system_foreground_service_default"
55-->[androidx.work:work-runtime:2.5.0] AndroidManifest.xml:55:13-77
56            android:exported="false" />
56-->[androidx.work:work-runtime:2.5.0] AndroidManifest.xml:56:13-37
57
58        <receiver
58-->[androidx.work:work-runtime:2.5.0] AndroidManifest.xml:59:9-64:35
59            android:name="androidx.work.impl.utils.ForceStopRunnable$BroadcastReceiver"
59-->[androidx.work:work-runtime:2.5.0] AndroidManifest.xml:60:13-88
60            android:directBootAware="false"
60-->[androidx.work:work-runtime:2.5.0] AndroidManifest.xml:61:13-44
61            android:enabled="true"
61-->[androidx.work:work-runtime:2.5.0] AndroidManifest.xml:62:13-35
62            android:exported="false" />
62-->[androidx.work:work-runtime:2.5.0] AndroidManifest.xml:63:13-37
63        <receiver
63-->[androidx.work:work-runtime:2.5.0] AndroidManifest.xml:65:9-75:20
64            android:name="androidx.work.impl.background.systemalarm.ConstraintProxy$BatteryChargingProxy"
64-->[androidx.work:work-runtime:2.5.0] AndroidManifest.xml:66:13-106
65            android:directBootAware="false"
65-->[androidx.work:work-runtime:2.5.0] AndroidManifest.xml:67:13-44
66            android:enabled="false"
66-->[androidx.work:work-runtime:2.5.0] AndroidManifest.xml:68:13-36
67            android:exported="false" >
67-->[androidx.work:work-runtime:2.5.0] AndroidManifest.xml:69:13-37
68            <intent-filter>
68-->[androidx.work:work-runtime:2.5.0] AndroidManifest.xml:71:13-74:29
69                <action android:name="android.intent.action.ACTION_POWER_CONNECTED" />
69-->[androidx.work:work-runtime:2.5.0] AndroidManifest.xml:72:17-87
69-->[androidx.work:work-runtime:2.5.0] AndroidManifest.xml:72:25-84
70                <action android:name="android.intent.action.ACTION_POWER_DISCONNECTED" />
70-->[androidx.work:work-runtime:2.5.0] AndroidManifest.xml:73:17-90
70-->[androidx.work:work-runtime:2.5.0] AndroidManifest.xml:73:25-87
71            </intent-filter>
72        </receiver>
73        <receiver
73-->[androidx.work:work-runtime:2.5.0] AndroidManifest.xml:76:9-86:20
74            android:name="androidx.work.impl.background.systemalarm.ConstraintProxy$BatteryNotLowProxy"
74-->[androidx.work:work-runtime:2.5.0] AndroidManifest.xml:77:13-104
75            android:directBootAware="false"
75-->[androidx.work:work-runtime:2.5.0] AndroidManifest.xml:78:13-44
76            android:enabled="false"
76-->[androidx.work:work-runtime:2.5.0] AndroidManifest.xml:79:13-36
77            android:exported="false" >
77-->[androidx.work:work-runtime:2.5.0] AndroidManifest.xml:80:13-37
78            <intent-filter>
78-->[androidx.work:work-runtime:2.5.0] AndroidManifest.xml:82:13-85:29
79                <action android:name="android.intent.action.BATTERY_OKAY" />
79-->[androidx.work:work-runtime:2.5.0] AndroidManifest.xml:83:17-77
79-->[androidx.work:work-runtime:2.5.0] AndroidManifest.xml:83:25-74
80                <action android:name="android.intent.action.BATTERY_LOW" />
80-->[androidx.work:work-runtime:2.5.0] AndroidManifest.xml:84:17-76
80-->[androidx.work:work-runtime:2.5.0] AndroidManifest.xml:84:25-73
81            </intent-filter>
82        </receiver>
83        <receiver
83-->[androidx.work:work-runtime:2.5.0] AndroidManifest.xml:87:9-97:20
84            android:name="androidx.work.impl.background.systemalarm.ConstraintProxy$StorageNotLowProxy"
84-->[androidx.work:work-runtime:2.5.0] AndroidManifest.xml:88:13-104
85            android:directBootAware="false"
85-->[androidx.work:work-runtime:2.5.0] AndroidManifest.xml:89:13-44
86            android:enabled="false"
86-->[androidx.work:work-runtime:2.5.0] AndroidManifest.xml:90:13-36
87            android:exported="false" >
87-->[androidx.work:work-runtime:2.5.0] AndroidManifest.xml:91:13-37
88            <intent-filter>
88-->[androidx.work:work-runtime:2.5.0] AndroidManifest.xml:93:13-96:29
89                <action android:name="android.intent.action.DEVICE_STORAGE_LOW" />
89-->[androidx.work:work-runtime:2.5.0] AndroidManifest.xml:94:17-83
89-->[androidx.work:work-runtime:2.5.0] AndroidManifest.xml:94:25-80
90                <action android:name="android.intent.action.DEVICE_STORAGE_OK" />
90-->[androidx.work:work-runtime:2.5.0] AndroidManifest.xml:95:17-82
90-->[androidx.work:work-runtime:2.5.0] AndroidManifest.xml:95:25-79
91            </intent-filter>
92        </receiver>
93        <receiver
93-->[androidx.work:work-runtime:2.5.0] AndroidManifest.xml:98:9-107:20
94            android:name="androidx.work.impl.background.systemalarm.ConstraintProxy$NetworkStateProxy"
94-->[androidx.work:work-runtime:2.5.0] AndroidManifest.xml:99:13-103
95            android:directBootAware="false"
95-->[androidx.work:work-runtime:2.5.0] AndroidManifest.xml:100:13-44
96            android:enabled="false"
96-->[androidx.work:work-runtime:2.5.0] AndroidManifest.xml:101:13-36
97            android:exported="false" >
97-->[androidx.work:work-runtime:2.5.0] AndroidManifest.xml:102:13-37
98            <intent-filter>
98-->[androidx.work:work-runtime:2.5.0] AndroidManifest.xml:104:13-106:29
99                <action android:name="android.net.conn.CONNECTIVITY_CHANGE" />
99-->[androidx.work:work-runtime:2.5.0] AndroidManifest.xml:105:17-79
99-->[androidx.work:work-runtime:2.5.0] AndroidManifest.xml:105:25-76
100            </intent-filter>
101        </receiver>
102        <receiver
102-->[androidx.work:work-runtime:2.5.0] AndroidManifest.xml:108:9-119:20
103            android:name="androidx.work.impl.background.systemalarm.RescheduleReceiver"
103-->[androidx.work:work-runtime:2.5.0] AndroidManifest.xml:109:13-88
104            android:directBootAware="false"
104-->[androidx.work:work-runtime:2.5.0] AndroidManifest.xml:110:13-44
105            android:enabled="false"
105-->[androidx.work:work-runtime:2.5.0] AndroidManifest.xml:111:13-36
106            android:exported="false" >
106-->[androidx.work:work-runtime:2.5.0] AndroidManifest.xml:112:13-37
107            <intent-filter>
107-->[androidx.work:work-runtime:2.5.0] AndroidManifest.xml:114:13-118:29
108                <action android:name="android.intent.action.BOOT_COMPLETED" />
108-->[androidx.work:work-runtime:2.5.0] AndroidManifest.xml:115:17-79
108-->[androidx.work:work-runtime:2.5.0] AndroidManifest.xml:115:25-76
109                <action android:name="android.intent.action.TIME_SET" />
109-->[androidx.work:work-runtime:2.5.0] AndroidManifest.xml:116:17-73
109-->[androidx.work:work-runtime:2.5.0] AndroidManifest.xml:116:25-70
110                <action android:name="android.intent.action.TIMEZONE_CHANGED" />
110-->[androidx.work:work-runtime:2.5.0] AndroidManifest.xml:117:17-81
110-->[androidx.work:work-runtime:2.5.0] AndroidManifest.xml:117:25-78
111            </intent-filter>
112        </receiver>
113        <receiver
113-->[androidx.work:work-runtime:2.5.0] AndroidManifest.xml:120:9-129:20
114            android:name="androidx.work.impl.background.systemalarm.ConstraintProxyUpdateReceiver"
114-->[androidx.work:work-runtime:2.5.0] AndroidManifest.xml:121:13-99
115            android:directBootAware="false"
115-->[androidx.work:work-runtime:2.5.0] AndroidManifest.xml:122:13-44
116            android:enabled="@bool/enable_system_alarm_service_default"
116-->[androidx.work:work-runtime:2.5.0] AndroidManifest.xml:123:13-72
117            android:exported="false" >
117-->[androidx.work:work-runtime:2.5.0] AndroidManifest.xml:124:13-37
118            <intent-filter>
118-->[androidx.work:work-runtime:2.5.0] AndroidManifest.xml:126:13-128:29
119                <action android:name="androidx.work.impl.background.systemalarm.UpdateProxies" />
119-->[androidx.work:work-runtime:2.5.0] AndroidManifest.xml:127:17-98
119-->[androidx.work:work-runtime:2.5.0] AndroidManifest.xml:127:25-95
120            </intent-filter>
121        </receiver>
122        <receiver
122-->[androidx.work:work-runtime:2.5.0] AndroidManifest.xml:130:9-140:20
123            android:name="androidx.work.impl.diagnostics.DiagnosticsReceiver"
123-->[androidx.work:work-runtime:2.5.0] AndroidManifest.xml:131:13-78
124            android:directBootAware="false"
124-->[androidx.work:work-runtime:2.5.0] AndroidManifest.xml:132:13-44
125            android:enabled="true"
125-->[androidx.work:work-runtime:2.5.0] AndroidManifest.xml:133:13-35
126            android:exported="true"
126-->[androidx.work:work-runtime:2.5.0] AndroidManifest.xml:134:13-36
127            android:permission="android.permission.DUMP" >
127-->[androidx.work:work-runtime:2.5.0] AndroidManifest.xml:135:13-57
128            <intent-filter>
128-->[androidx.work:work-runtime:2.5.0] AndroidManifest.xml:137:13-139:29
129                <action android:name="androidx.work.diagnostics.REQUEST_DIAGNOSTICS" />
129-->[androidx.work:work-runtime:2.5.0] AndroidManifest.xml:138:17-88
129-->[androidx.work:work-runtime:2.5.0] AndroidManifest.xml:138:25-85
130            </intent-filter>
131        </receiver>
132
133        <service
133-->[androidx.room:room-runtime:2.2.5] AndroidManifest.xml:25:9-28:40
134            android:name="androidx.room.MultiInstanceInvalidationService"
134-->[androidx.room:room-runtime:2.2.5] AndroidManifest.xml:26:13-74
135            android:directBootAware="true"
135-->[androidx.room:room-runtime:2.2.5] AndroidManifest.xml:27:13-43
136            android:exported="false" />
136-->[androidx.room:room-runtime:2.2.5] AndroidManifest.xml:28:13-37
137    </application>
138
139</manifest>